2025.02.27 00:26:15 INFO  es[][o.e.n.Node] version[7.17.8], pid[26], build[default/tar/120eabe1c8a0cb2ae87cffc109a5b65d213e9df1/2022-12-02T17:33:09.727072865Z], OS[Linux/6.12.5-linuxkit/aarch64], JVM[Eclipse Adoptium/OpenJDK 64-Bit Server VM/17.0.7/17.0.7+7]
2025.02.27 00:26:15 INFO  es[][o.e.n.Node] JVM home [/opt/java/openjdk]
2025.02.27 00:26:15 INFO  es[][o.e.n.Node] JVM arguments [-XX:+UseG1GC, -Djava.io.tmpdir=/opt/sonarqube/temp, -XX:ErrorFile=/opt/sonarqube/logs/es_hs_err_pid%p.log, -Des.networkaddress.cache.ttl=60, -Des.networkaddress.cache.negative.ttl=10, -XX:+AlwaysPreTouch, -Xss1m, -Djava.awt.headless=true, -Dfile.encoding=UTF-8, -Djna.nosys=true, -Djna.tmpdir=/opt/sonarqube/temp, -XX:-OmitStackTraceInFastThrow, -Dio.netty.noUnsafe=true, -Dio.netty.noKeySetOptimization=true, -Dio.netty.recycler.maxCapacityPerThread=0, -Dio.netty.allocator.numDirectArenas=0, -Dlog4j.shutdownHookEnabled=false, -Dlog4j2.disable.jmx=true, -Dlog4j2.formatMsgNoLookups=true, -Djava.locale.providers=COMPAT, -Dcom.redhat.fips=false, -Xmx512m, -Xms512m, -XX:MaxDirectMemorySize=256m, -XX:+HeapDumpOnOutOfMemoryError, -Des.path.home=/opt/sonarqube/elasticsearch, -Des.path.conf=/opt/sonarqube/temp/conf/es, -Des.distribution.flavor=default, -Des.distribution.type=tar, -Des.bundled_jdk=false]
2025.02.27 00:26:15 INFO  es[][o.e.p.PluginsService] loaded module [analysis-common]
2025.02.27 00:26:15 INFO  es[][o.e.p.PluginsService] loaded module [lang-painless]
2025.02.27 00:26:15 INFO  es[][o.e.p.PluginsService] loaded module [parent-join]
2025.02.27 00:26:15 INFO  es[][o.e.p.PluginsService] loaded module [reindex]
2025.02.27 00:26:15 INFO  es[][o.e.p.PluginsService] loaded module [transport-netty4]
2025.02.27 00:26:15 INFO  es[][o.e.p.PluginsService] no plugins loaded
2025.02.27 00:26:15 INFO  es[][o.e.e.NodeEnvironment] using [1] data paths, mounts [[/opt/sonarqube/data (/run/host_mark/Users)]], net usable_space [12.3gb], net total_space [228.2gb], types [fakeowner]
2025.02.27 00:26:15 INFO  es[][o.e.e.NodeEnvironment] heap size [512mb], compressed ordinary object pointers [true]
2025.02.27 00:26:16 INFO  es[][o.e.n.Node] node name [sonarqube], node ID [-oO3wSp5T6eiWEU3l6N7yw], cluster name [sonarqube], roles [data_frozen, master, remote_cluster_client, data, data_content, data_hot, data_warm, data_cold, ingest]
2025.02.27 00:26:18 INFO  es[][o.e.t.NettyAllocator] creating NettyAllocator with the following configs: [name=unpooled, suggested_max_allocation_size=256kb, factors={es.unsafe.use_unpooled_allocator=null, g1gc_enabled=true, g1gc_region_size=1mb, heap_size=512mb}]
2025.02.27 00:26:18 INFO  es[][o.e.i.r.RecoverySettings] using rate limit [40mb] with [default=40mb, read=0b, write=0b, max=0b]
2025.02.27 00:26:18 INFO  es[][o.e.d.DiscoveryModule] using discovery type [zen] and seed hosts providers [settings]
2025.02.27 00:26:19 INFO  es[][o.e.g.DanglingIndicesState] gateway.auto_import_dangling_indices is disabled, dangling indices will not be automatically detected or imported and must be managed manually
2025.02.27 00:26:19 INFO  es[][o.e.n.Node] initialized
2025.02.27 00:26:19 INFO  es[][o.e.n.Node] starting ...
2025.02.27 00:26:19 INFO  es[][o.e.t.TransportService] publish_address {127.0.0.1:33669}, bound_addresses {127.0.0.1:33669}
2025.02.27 00:26:19 INFO  es[][o.e.c.c.Coordinator] cluster UUID [WssQXJLsTdCE0DE8sDCb6Q]
2025.02.27 00:26:19 INFO  es[][o.e.c.s.MasterService] elected-as-master ([1] nodes joined)[{sonarqube}{-oO3wSp5T6eiWEU3l6N7yw}{cSZh0uNKR-igT5nY5ejsgw}{127.0.0.1}{127.0.0.1:33669}{cdfhimrsw} elect leader, _BECOME_MASTER_TASK_, _FINISH_ELECTION_], term: 3, version: 63, delta: master node changed {previous [], current [{sonarqube}{-oO3wSp5T6eiWEU3l6N7yw}{cSZh0uNKR-igT5nY5ejsgw}{127.0.0.1}{127.0.0.1:33669}{cdfhimrsw}]}
2025.02.27 00:26:19 INFO  es[][o.e.c.s.ClusterApplierService] master node changed {previous [], current [{sonarqube}{-oO3wSp5T6eiWEU3l6N7yw}{cSZh0uNKR-igT5nY5ejsgw}{127.0.0.1}{127.0.0.1:33669}{cdfhimrsw}]}, term: 3, version: 63, reason: Publication{term=3, version=63}
2025.02.27 00:26:19 WARN  es[][o.e.c.r.a.DiskThresholdMonitor] flood stage disk watermark [95%] exceeded on [-oO3wSp5T6eiWEU3l6N7yw][sonarqube][/opt/sonarqube/data/es7/nodes/0] free: 11.3gb[4.9%], all indices on this node will be marked read-only
2025.02.27 00:26:19 INFO  es[][o.e.h.AbstractHttpServerTransport] publish_address {127.0.0.1:9001}, bound_addresses {127.0.0.1:9001}
2025.02.27 00:26:19 INFO  es[][o.e.n.Node] started
2025.02.27 00:26:20 INFO  es[][o.e.g.GatewayService] recovered [7] indices into cluster_state
2025.02.27 00:26:22 INFO  es[][o.e.c.r.a.AllocationService] Cluster health status changed from [RED] to [GREEN] (reason: [shards started [[metadatas][0]]]).
2025.02.27 00:26:49 WARN  es[][o.e.c.r.a.DiskThresholdMonitor] flood stage disk watermark [95%] exceeded on [-oO3wSp5T6eiWEU3l6N7yw][sonarqube][/opt/sonarqube/data/es7/nodes/0] free: 11.1gb[4.8%], all indices on this node will be marked read-only
2025.02.27 00:27:20 WARN  es[][o.e.c.r.a.DiskThresholdMonitor] flood stage disk watermark [95%] exceeded on [-oO3wSp5T6eiWEU3l6N7yw][sonarqube][/opt/sonarqube/data/es7/nodes/0] free: 11.2gb[4.9%], all indices on this node will be marked read-only
2025.02.27 00:27:50 WARN  es[][o.e.c.r.a.DiskThresholdMonitor] flood stage disk watermark [95%] exceeded on [-oO3wSp5T6eiWEU3l6N7yw][sonarqube][/opt/sonarqube/data/es7/nodes/0] free: 11.2gb[4.9%], all indices on this node will be marked read-only
2025.02.27 00:28:20 WARN  es[][o.e.c.r.a.DiskThresholdMonitor] flood stage disk watermark [95%] exceeded on [-oO3wSp5T6eiWEU3l6N7yw][sonarqube][/opt/sonarqube/data/es7/nodes/0] free: 11.2gb[4.9%], all indices on this node will be marked read-only
2025.02.27 00:28:50 WARN  es[][o.e.c.r.a.DiskThresholdMonitor] flood stage disk watermark [95%] exceeded on [-oO3wSp5T6eiWEU3l6N7yw][sonarqube][/opt/sonarqube/data/es7/nodes/0] free: 11.2gb[4.9%], all indices on this node will be marked read-only
2025.02.27 00:29:20 WARN  es[][o.e.c.r.a.DiskThresholdMonitor] flood stage disk watermark [95%] exceeded on [-oO3wSp5T6eiWEU3l6N7yw][sonarqube][/opt/sonarqube/data/es7/nodes/0] free: 11.2gb[4.9%], all indices on this node will be marked read-only
2025.02.27 00:29:50 WARN  es[][o.e.c.r.a.DiskThresholdMonitor] flood stage disk watermark [95%] exceeded on [-oO3wSp5T6eiWEU3l6N7yw][sonarqube][/opt/sonarqube/data/es7/nodes/0] free: 11.2gb[4.9%], all indices on this node will be marked read-only
2025.02.27 00:30:20 WARN  es[][o.e.c.r.a.DiskThresholdMonitor] flood stage disk watermark [95%] exceeded on [-oO3wSp5T6eiWEU3l6N7yw][sonarqube][/opt/sonarqube/data/es7/nodes/0] free: 11.2gb[4.9%], all indices on this node will be marked read-only
2025.02.27 00:30:50 WARN  es[][o.e.c.r.a.DiskThresholdMonitor] flood stage disk watermark [95%] exceeded on [-oO3wSp5T6eiWEU3l6N7yw][sonarqube][/opt/sonarqube/data/es7/nodes/0] free: 11.2gb[4.9%], all indices on this node will be marked read-only
2025.02.27 00:31:20 WARN  es[][o.e.c.r.a.DiskThresholdMonitor] flood stage disk watermark [95%] exceeded on [-oO3wSp5T6eiWEU3l6N7yw][sonarqube][/opt/sonarqube/data/es7/nodes/0] free: 11.2gb[4.9%], all indices on this node will be marked read-only
2025.02.27 00:31:50 WARN  es[][o.e.c.r.a.DiskThresholdMonitor] high disk watermark [90%] exceeded on [-oO3wSp5T6eiWEU3l6N7yw][sonarqube][/opt/sonarqube/data/es7/nodes/0] free: 14.4gb[6.3%], shards will be relocated away from this node; currently relocating away shards totalling [0] bytes; the node is expected to continue to exceed the high disk watermark when these relocations are complete
2025.02.27 00:32:50 WARN  es[][o.e.c.r.a.DiskThresholdMonitor] high disk watermark [90%] exceeded on [-oO3wSp5T6eiWEU3l6N7yw][sonarqube][/opt/sonarqube/data/es7/nodes/0] free: 13.4gb[5.8%], shards will be relocated away from this node; currently relocating away shards totalling [0] bytes; the node is expected to continue to exceed the high disk watermark when these relocations are complete
2025.02.27 00:34:20 WARN  es[][o.e.c.r.a.DiskThresholdMonitor] high disk watermark [90%] exceeded on [-oO3wSp5T6eiWEU3l6N7yw][sonarqube][/opt/sonarqube/data/es7/nodes/0] free: 13.3gb[5.8%], shards will be relocated away from this node; currently relocating away shards totalling [0] bytes; the node is expected to continue to exceed the high disk watermark when these relocations are complete
2025.02.27 00:35:20 WARN  es[][o.e.c.r.a.DiskThresholdMonitor] high disk watermark [90%] exceeded on [-oO3wSp5T6eiWEU3l6N7yw][sonarqube][/opt/sonarqube/data/es7/nodes/0] free: 13.3gb[5.8%], shards will be relocated away from this node; currently relocating away shards totalling [0] bytes; the node is expected to continue to exceed the high disk watermark when these relocations are complete
2025.02.27 00:36:50 WARN  es[][o.e.c.r.a.DiskThresholdMonitor] high disk watermark [90%] exceeded on [-oO3wSp5T6eiWEU3l6N7yw][sonarqube][/opt/sonarqube/data/es7/nodes/0] free: 13.3gb[5.8%], shards will be relocated away from this node; currently relocating away shards totalling [0] bytes; the node is expected to continue to exceed the high disk watermark when these relocations are complete
2025.02.27 00:38:20 WARN  es[][o.e.c.r.a.DiskThresholdMonitor] high disk watermark [90%] exceeded on [-oO3wSp5T6eiWEU3l6N7yw][sonarqube][/opt/sonarqube/data/es7/nodes/0] free: 13.3gb[5.8%], shards will be relocated away from this node; currently relocating away shards totalling [0] bytes; the node is expected to continue to exceed the high disk watermark when these relocations are complete
2025.02.27 00:39:20 WARN  es[][o.e.c.r.a.DiskThresholdMonitor] high disk watermark [90%] exceeded on [-oO3wSp5T6eiWEU3l6N7yw][sonarqube][/opt/sonarqube/data/es7/nodes/0] free: 13.3gb[5.8%], shards will be relocated away from this node; currently relocating away shards totalling [0] bytes; the node is expected to continue to exceed the high disk watermark when these relocations are complete
2025.02.27 00:40:50 WARN  es[][o.e.c.r.a.DiskThresholdMonitor] high disk watermark [90%] exceeded on [-oO3wSp5T6eiWEU3l6N7yw][sonarqube][/opt/sonarqube/data/es7/nodes/0] free: 13.3gb[5.8%], shards will be relocated away from this node; currently relocating away shards totalling [0] bytes; the node is expected to continue to exceed the high disk watermark when these relocations are complete
2025.02.27 00:41:50 WARN  es[][o.e.c.r.a.DiskThresholdMonitor] high disk watermark [90%] exceeded on [-oO3wSp5T6eiWEU3l6N7yw][sonarqube][/opt/sonarqube/data/es7/nodes/0] free: 13.3gb[5.8%], shards will be relocated away from this node; currently relocating away shards totalling [0] bytes; the node is expected to continue to exceed the high disk watermark when these relocations are complete
2025.02.27 00:43:20 WARN  es[][o.e.c.r.a.DiskThresholdMonitor] high disk watermark [90%] exceeded on [-oO3wSp5T6eiWEU3l6N7yw][sonarqube][/opt/sonarqube/data/es7/nodes/0] free: 13.3gb[5.8%], shards will be relocated away from this node; currently relocating away shards totalling [0] bytes; the node is expected to continue to exceed the high disk watermark when these relocations are complete
2025.02.27 00:44:50 WARN  es[][o.e.c.r.a.DiskThresholdMonitor] high disk watermark [90%] exceeded on [-oO3wSp5T6eiWEU3l6N7yw][sonarqube][/opt/sonarqube/data/es7/nodes/0] free: 13.3gb[5.8%], shards will be relocated away from this node; currently relocating away shards totalling [0] bytes; the node is expected to continue to exceed the high disk watermark when these relocations are complete
2025.02.27 00:46:20 WARN  es[][o.e.c.r.a.DiskThresholdMonitor] high disk watermark [90%] exceeded on [-oO3wSp5T6eiWEU3l6N7yw][sonarqube][/opt/sonarqube/data/es7/nodes/0] free: 13.3gb[5.8%], shards will be relocated away from this node; currently relocating away shards totalling [0] bytes; the node is expected to continue to exceed the high disk watermark when these relocations are complete
2025.02.27 00:47:50 WARN  es[][o.e.c.r.a.DiskThresholdMonitor] high disk watermark [90%] exceeded on [-oO3wSp5T6eiWEU3l6N7yw][sonarqube][/opt/sonarqube/data/es7/nodes/0] free: 13.3gb[5.8%], shards will be relocated away from this node; currently relocating away shards totalling [0] bytes; the node is expected to continue to exceed the high disk watermark when these relocations are complete
2025.02.27 00:49:20 WARN  es[][o.e.c.r.a.DiskThresholdMonitor] high disk watermark [90%] exceeded on [-oO3wSp5T6eiWEU3l6N7yw][sonarqube][/opt/sonarqube/data/es7/nodes/0] free: 13.3gb[5.8%], shards will be relocated away from this node; currently relocating away shards totalling [0] bytes; the node is expected to continue to exceed the high disk watermark when these relocations are complete
2025.02.27 00:50:50 WARN  es[][o.e.c.r.a.DiskThresholdMonitor] high disk watermark [90%] exceeded on [-oO3wSp5T6eiWEU3l6N7yw][sonarqube][/opt/sonarqube/data/es7/nodes/0] free: 13.1gb[5.7%], shards will be relocated away from this node; currently relocating away shards totalling [0] bytes; the node is expected to continue to exceed the high disk watermark when these relocations are complete
2025.02.27 00:51:50 WARN  es[][o.e.c.r.a.DiskThresholdMonitor] high disk watermark [90%] exceeded on [-oO3wSp5T6eiWEU3l6N7yw][sonarqube][/opt/sonarqube/data/es7/nodes/0] free: 13.2gb[5.8%], shards will be relocated away from this node; currently relocating away shards totalling [0] bytes; the node is expected to continue to exceed the high disk watermark when these relocations are complete
2025.02.27 00:52:50 WARN  es[][o.e.c.r.a.DiskThresholdMonitor] high disk watermark [90%] exceeded on [-oO3wSp5T6eiWEU3l6N7yw][sonarqube][/opt/sonarqube/data/es7/nodes/0] free: 13.2gb[5.8%], shards will be relocated away from this node; currently relocating away shards totalling [0] bytes; the node is expected to continue to exceed the high disk watermark when these relocations are complete
2025.02.27 00:53:51 WARN  es[][o.e.c.r.a.DiskThresholdMonitor] high disk watermark [90%] exceeded on [-oO3wSp5T6eiWEU3l6N7yw][sonarqube][/opt/sonarqube/data/es7/nodes/0] free: 13.2gb[5.8%], shards will be relocated away from this node; currently relocating away shards totalling [0] bytes; the node is expected to continue to exceed the high disk watermark when these relocations are complete
2025.02.27 00:54:51 WARN  es[][o.e.c.r.a.DiskThresholdMonitor] high disk watermark [90%] exceeded on [-oO3wSp5T6eiWEU3l6N7yw][sonarqube][/opt/sonarqube/data/es7/nodes/0] free: 13.2gb[5.7%], shards will be relocated away from this node; currently relocating away shards totalling [0] bytes; the node is expected to continue to exceed the high disk watermark when these relocations are complete
2025.02.27 00:56:21 WARN  es[][o.e.c.r.a.DiskThresholdMonitor] high disk watermark [90%] exceeded on [-oO3wSp5T6eiWEU3l6N7yw][sonarqube][/opt/sonarqube/data/es7/nodes/0] free: 13.2gb[5.7%], shards will be relocated away from this node; currently relocating away shards totalling [0] bytes; the node is expected to continue to exceed the high disk watermark when these relocations are complete
2025.02.27 00:57:21 WARN  es[][o.e.c.r.a.DiskThresholdMonitor] high disk watermark [90%] exceeded on [-oO3wSp5T6eiWEU3l6N7yw][sonarqube][/opt/sonarqube/data/es7/nodes/0] free: 13.2gb[5.7%], shards will be relocated away from this node; currently relocating away shards totalling [0] bytes; the node is expected to continue to exceed the high disk watermark when these relocations are complete
2025.02.27 00:58:51 WARN  es[][o.e.c.r.a.DiskThresholdMonitor] high disk watermark [90%] exceeded on [-oO3wSp5T6eiWEU3l6N7yw][sonarqube][/opt/sonarqube/data/es7/nodes/0] free: 13.2gb[5.7%], shards will be relocated away from this node; currently relocating away shards totalling [0] bytes; the node is expected to continue to exceed the high disk watermark when these relocations are complete
2025.02.27 00:59:51 WARN  es[][o.e.c.r.a.DiskThresholdMonitor] high disk watermark [90%] exceeded on [-oO3wSp5T6eiWEU3l6N7yw][sonarqube][/opt/sonarqube/data/es7/nodes/0] free: 13.2gb[5.7%], shards will be relocated away from this node; currently relocating away shards totalling [0] bytes; the node is expected to continue to exceed the high disk watermark when these relocations are complete
2025.02.27 01:01:21 WARN  es[][o.e.c.r.a.DiskThresholdMonitor] high disk watermark [90%] exceeded on [-oO3wSp5T6eiWEU3l6N7yw][sonarqube][/opt/sonarqube/data/es7/nodes/0] free: 13.2gb[5.7%], shards will be relocated away from this node; currently relocating away shards totalling [0] bytes; the node is expected to continue to exceed the high disk watermark when these relocations are complete
2025.02.27 01:02:21 WARN  es[][o.e.c.r.a.DiskThresholdMonitor] high disk watermark [90%] exceeded on [-oO3wSp5T6eiWEU3l6N7yw][sonarqube][/opt/sonarqube/data/es7/nodes/0] free: 14gb[6.1%], shards will be relocated away from this node; currently relocating away shards totalling [0] bytes; the node is expected to continue to exceed the high disk watermark when these relocations are complete
2025.02.27 01:03:51 WARN  es[][o.e.c.r.a.DiskThresholdMonitor] high disk watermark [90%] exceeded on [-oO3wSp5T6eiWEU3l6N7yw][sonarqube][/opt/sonarqube/data/es7/nodes/0] free: 14.1gb[6.2%], shards will be relocated away from this node; currently relocating away shards totalling [0] bytes; the node is expected to continue to exceed the high disk watermark when these relocations are complete
2025.02.27 01:04:51 WARN  es[][o.e.c.r.a.DiskThresholdMonitor] high disk watermark [90%] exceeded on [-oO3wSp5T6eiWEU3l6N7yw][sonarqube][/opt/sonarqube/data/es7/nodes/0] free: 14.1gb[6.2%], shards will be relocated away from this node; currently relocating away shards totalling [0] bytes; the node is expected to continue to exceed the high disk watermark when these relocations are complete
2025.02.27 01:05:51 WARN  es[][o.e.c.r.a.DiskThresholdMonitor] high disk watermark [90%] exceeded on [-oO3wSp5T6eiWEU3l6N7yw][sonarqube][/opt/sonarqube/data/es7/nodes/0] free: 14.1gb[6.2%], shards will be relocated away from this node; currently relocating away shards totalling [0] bytes; the node is expected to continue to exceed the high disk watermark when these relocations are complete
2025.02.27 01:07:21 WARN  es[][o.e.c.r.a.DiskThresholdMonitor] high disk watermark [90%] exceeded on [-oO3wSp5T6eiWEU3l6N7yw][sonarqube][/opt/sonarqube/data/es7/nodes/0] free: 14.1gb[6.2%], shards will be relocated away from this node; currently relocating away shards totalling [0] bytes; the node is expected to continue to exceed the high disk watermark when these relocations are complete
2025.02.27 01:08:21 WARN  es[][o.e.c.r.a.DiskThresholdMonitor] high disk watermark [90%] exceeded on [-oO3wSp5T6eiWEU3l6N7yw][sonarqube][/opt/sonarqube/data/es7/nodes/0] free: 14.1gb[6.2%], shards will be relocated away from this node; currently relocating away shards totalling [0] bytes; the node is expected to continue to exceed the high disk watermark when these relocations are complete
